<?xml version="1.0" encoding="UTF-8"?>
<!-- Generated by org.testng.reporters.JUnitXMLReporter -->
<testsuite ignored="0" hostname="DESKTOP-0HKINFM" failures="2" tests="30" name="Test" time="142.415" errors="0" timestamp="2023-07-28T20:42:54 IST">
  <testcase classname="org.ictkerala.scripts.SignUpPageTest" name="verifySignUpNowLink" time="0.019"/>
  <testcase classname="org.ictkerala.scripts.SignUpPageTest" name="verifySignUpLink" time="0.129"/>
  <testcase classname="org.ictkerala.scripts.SignUpPageTest" name="validSignUpTest" time="1.602"/>
  <testcase classname="org.ictkerala.scripts.SignUpPageTest" name="blankFieldsTest" time="0.254"/>
  <testcase classname="org.ictkerala.scripts.SignUpPageTest" name="userNameLessThan4Char" time="0.366"/>
  <testcase classname="org.ictkerala.scripts.SignUpPageTest" name="userNameMoreThan20Char" time="0.487"/>
  <testcase classname="org.ictkerala.scripts.SignUpPageTest" name="phoneMoreThan10" time="0.372"/>
  <testcase classname="org.ictkerala.scripts.SignUpPageTest" name="phoneLessThan10" time="0.39"/>
  <testcase classname="org.ictkerala.scripts.SignUpPageTest" name="phoneNoInvalidChar" time="0.383"/>
  <testcase classname="org.ictkerala.scripts.SignUpPageTest" name="emailInvalidChar" time="0.432"/>
  <testcase classname="org.ictkerala.scripts.SignUpPageTest" name="passLessThan6Char" time="0.415"/>
  <testcase classname="org.ictkerala.scripts.SignUpPageTest" name="passInvalid" time="0.521"/>
  <testcase classname="org.ictkerala.scripts.SignUpPageTest" name="confirmPassNotMatching" time="0.694">
    <failure type="java.lang.AssertionError" message="expected [Confirm password does not match with password] but found [Contact Us
Kerala
Trivandrum
drb@gmail.com
drbaas@gmail.com
+918665656600
+9186656566]">
      <![CDATA[java.lang.AssertionError: expected [Confirm password does not match with password] but found [Contact Us
Kerala
Trivandrum
drb@gmail.com
drbaas@gmail.com
+918665656600
+9186656566]
at org.ictkerala.scripts.SignUpPageTest.confirmPassNotMatching(SignUpPageTest.java:162)
at java.base/java.util.ArrayList.forEach(ArrayList.java:1511)
... Removed 33 stack frames]]>
    </failure>
  </testcase> <!-- confirmPassNotMatching -->
  <testcase classname="org.ictkerala.scripts.LoginPageTest" name="verifyLoginLink" time="0.284"/>
  <testcase classname="org.ictkerala.scripts.LoginPageTest" name="validLogin" time="0.766"/>
  <testcase classname="org.ictkerala.scripts.LoginPageTest" name="validUserInvalidPassword" time="0.631"/>
  <testcase classname="org.ictkerala.scripts.LoginPageTest" name="nullUserValidPassword" time="0.507"/>
  <testcase classname="org.ictkerala.scripts.LoginPageTest" name="validUsernullPassword" time="0.625"/>
  <testcase classname="org.ictkerala.scripts.LoginPageTest" name="Logout" time="0.827"/>
  <testcase classname="org.ictkerala.scripts.CreateProfPageTest" name="verifyMyProfileLink" time="0.013"/>
  <testcase classname="org.ictkerala.scripts.CreateProfPageTest" name="verifyCreateProfile" time="2.146"/>
  <testcase classname="org.ictkerala.scripts.CreateProfPageTest" name="verifyEditprofile" time="2.307"/>
  <testcase classname="org.ictkerala.scripts.CreateResumeTestPage" name="verifyCreateResTemp1" time="1.169"/>
  <testcase classname="org.ictkerala.scripts.CreateResumeTestPage" name="verifyCreateResTemp2" time="1.266"/>
  <testcase classname="org.ictkerala.scripts.CreateResumeTestPage" name="verifyCreateResTemp3" time="1.185"/>
  <testcase classname="org.ictkerala.scripts.CreateResumeTestPage" name="verifyCreateResTemp4" time="1.178"/>
  <testcase classname="org.ictkerala.scripts.CreateResumeTestPage" name="editDetails" time="1.253"/>
  <testcase classname="org.ictkerala.scripts.CreateResumeTestPage" name="verifyDownloadResume" time="2.244"/>
  <testcase classname="org.ictkerala.scripts.CreateResumeTestPage" name="verifyWebLink" time="2.261">
    <failure type="java.lang.AssertionError" message="expected [Link created] but found [This service/api is not supported in your Browser]">
      <![CDATA[java.lang.AssertionError: expected [Link created] but found [This service/api is not supported in your Browser]
at org.ictkerala.scripts.CreateResumeTestPage.verifyWebLink(CreateResumeTestPage.java:85)
at java.base/java.util.ArrayList.forEach(ArrayList.java:1511)
... Removed 33 stack frames]]>
    </failure>
  </testcase> <!-- verifyWebLink -->
  <testcase classname="org.ictkerala.scripts.CreateResumeTestPage" name="verifyDeleteprofile" time="0.241"/>
</testsuite> <!-- Test -->
